c:\users\gameloft\desktop\project\project\gameproject\debug\game\vc140.pdb
c:\users\gameloft\desktop\project\project\gameproject\debug\game\vc140.idb
c:\users\gameloft\desktop\project\project\gameproject\debug\game\enemycircle.obj
c:\users\gameloft\desktop\project\project\gameproject\debug\game\enemyrectangle.obj
c:\users\gameloft\desktop\project\project\gameproject\debug\game\item.obj
c:\users\gameloft\desktop\project\project\gameproject\debug\game\itembom.obj
c:\users\gameloft\desktop\project\project\gameproject\debug\game\itemhp.obj
c:\users\gameloft\desktop\project\project\gameproject\debug\game\lazertower.obj
c:\users\gameloft\desktop\project\project\gameproject\debug\game\maincharacter.obj
c:\users\gameloft\desktop\project\project\gameproject\debug\game\objectphysic.obj
c:\users\gameloft\desktop\project\project\gameproject\debug\game\upgradebullet.obj
c:\users\gameloft\desktop\project\project\gameproject\debug\game\resourcemanager.obj
c:\users\gameloft\desktop\project\project\gameproject\debug\game\scenemanager.obj
c:\users\gameloft\desktop\project\project\gameproject\debug\game\soundengine.obj
c:\users\gameloft\desktop\project\project\gameproject\debug\game\sprite.obj
c:\users\gameloft\desktop\project\project\gameproject\debug\game\statemanager.obj
c:\users\gameloft\desktop\project\project\gameproject\debug\game\textrender.obj
c:\users\gameloft\desktop\project\project\gameproject\debug\game\texture.obj
c:\users\gameloft\desktop\project\project\gameproject\debug\game\main.obj
c:\users\gameloft\desktop\project\project\gameproject\debug\game\shaders.obj
c:\users\gameloft\desktop\project\project\gameproject\debug\game\touchmanager.obj
c:\users\gameloft\desktop\project\project\gameproject\debug\game\wvp.obj
c:\users\gameloft\desktop\project\project\gameproject\debug\game\game.obj
c:\users\gameloft\desktop\project\project\gameproject\debug\game\gamemusic.obj
c:\users\gameloft\desktop\project\project\gameproject\debug\game\gamesound.obj
c:\users\gameloft\desktop\project\project\gameproject\debug\game\j1perftimer.obj
c:\users\gameloft\desktop\project\project\gameproject\debug\game\keymanager.obj
c:\users\gameloft\desktop\project\project\gameproject\debug\game\lights.obj
c:\users\gameloft\desktop\project\project\gameproject\debug\game\model.obj
c:\users\gameloft\desktop\project\project\gameproject\debug\game\object.obj
c:\users\gameloft\desktop\project\project\gameproject\debug\game\p2log.obj
c:\users\gameloft\desktop\project\project\gameproject\debug\game\particle.obj
c:\users\gameloft\desktop\project\project\gameproject\debug\game\particlepool.obj
c:\users\gameloft\desktop\project\project\gameproject\debug\game\particlesystem.obj
c:\users\gameloft\desktop\project\project\gameproject\debug\game\physicsengine.obj
c:\users\gameloft\desktop\project\project\gameproject\debug\game\boss.obj
c:\users\gameloft\desktop\project\project\gameproject\debug\game\box2dscenemanager.obj
c:\users\gameloft\desktop\project\project\gameproject\debug\game\bullet.obj
c:\users\gameloft\desktop\project\project\gameproject\debug\game\bulletboss.obj
c:\users\gameloft\desktop\project\project\gameproject\debug\game\bullettype1.obj
c:\users\gameloft\desktop\project\project\gameproject\debug\game\collision.obj
c:\users\gameloft\desktop\project\project\gameproject\debug\game\enemy.obj
c:\users\gameloft\desktop\project\project\gameproject\debug\game\pugixml.obj
c:\users\gameloft\desktop\project\project\gameproject\debug\game\cbutton.obj
c:\users\gameloft\desktop\project\project\gameproject\debug\game\emitter.obj
c:\users\gameloft\desktop\project\project\bin\core.lib
c:\users\gameloft\desktop\project\project\bin\core.exp
c:\users\gameloft\desktop\project\project\bin\core.ilk
c:\users\gameloft\desktop\project\project\bin\core.exe
c:\users\gameloft\desktop\project\project\bin\core.pdb
c:\users\gameloft\desktop\project\project\\bin\core.pdb
c:\users\gameloft\desktop\project\project\\bin\core.exe
c:\users\gameloft\desktop\project\project\\bin\core.ilk
c:\users\gameloft\desktop\project\project\gameproject\debug\game\core.tlog\cl.command.1.tlog
c:\users\gameloft\desktop\project\project\gameproject\debug\game\core.tlog\cl.read.1.tlog
c:\users\gameloft\desktop\project\project\gameproject\debug\game\core.tlog\cl.write.1.tlog
c:\users\gameloft\desktop\project\project\gameproject\debug\game\core.tlog\core.write.1u.tlog
c:\users\gameloft\desktop\project\project\gameproject\debug\game\core.tlog\link.command.1.tlog
c:\users\gameloft\desktop\project\project\gameproject\debug\game\core.tlog\link.read.1.tlog
c:\users\gameloft\desktop\project\project\gameproject\debug\game\core.tlog\link.write.1.tlog
