c:\users\gameloft\desktop\finish\project\gameproject\debug\vc140.pdb
c:\users\gameloft\desktop\finish\project\gameproject\debug\vc140.idb
c:\users\gameloft\desktop\finish\project\gameproject\debug\item.obj
c:\users\gameloft\desktop\finish\project\gameproject\debug\itembom.obj
c:\users\gameloft\desktop\finish\project\gameproject\debug\itemhp.obj
c:\users\gameloft\desktop\finish\project\gameproject\debug\lazertower.obj
c:\users\gameloft\desktop\finish\project\gameproject\debug\maincharacter.obj
c:\users\gameloft\desktop\finish\project\gameproject\debug\missile.obj
c:\users\gameloft\desktop\finish\project\gameproject\debug\newenemy.obj
c:\users\gameloft\desktop\finish\project\gameproject\debug\objectphysic.obj
c:\users\gameloft\desktop\finish\project\gameproject\debug\upgradebullet.obj
c:\users\gameloft\desktop\finish\project\gameproject\debug\resourcemanager.obj
c:\users\gameloft\desktop\finish\project\gameproject\debug\scenemanager.obj
c:\users\gameloft\desktop\finish\project\gameproject\debug\soundengine.obj
c:\users\gameloft\desktop\finish\project\gameproject\debug\sprite.obj
c:\users\gameloft\desktop\finish\project\gameproject\debug\statemanager.obj
c:\users\gameloft\desktop\finish\project\gameproject\debug\textrender.obj
c:\users\gameloft\desktop\finish\project\gameproject\debug\texture.obj
c:\users\gameloft\desktop\finish\project\gameproject\debug\main.obj
c:\users\gameloft\desktop\finish\project\gameproject\debug\shaders.obj
c:\users\gameloft\desktop\finish\project\gameproject\debug\touchmanager.obj
c:\users\gameloft\desktop\finish\project\gameproject\debug\wvp.obj
c:\users\gameloft\desktop\finish\project\gameproject\debug\j1perftimer.obj
c:\users\gameloft\desktop\finish\project\gameproject\debug\keymanager.obj
c:\users\gameloft\desktop\finish\project\gameproject\debug\lights.obj
c:\users\gameloft\desktop\finish\project\gameproject\debug\model.obj
c:\users\gameloft\desktop\finish\project\gameproject\debug\object.obj
c:\users\gameloft\desktop\finish\project\gameproject\debug\p2log.obj
c:\users\gameloft\desktop\finish\project\gameproject\debug\particle.obj
c:\users\gameloft\desktop\finish\project\gameproject\debug\particlepool.obj
c:\users\gameloft\desktop\finish\project\gameproject\debug\particlesystem.obj
c:\users\gameloft\desktop\finish\project\gameproject\debug\physicsengine.obj
c:\users\gameloft\desktop\finish\project\gameproject\debug\boss.obj
c:\users\gameloft\desktop\finish\project\gameproject\debug\box2dscenemanager.obj
c:\users\gameloft\desktop\finish\project\gameproject\debug\bullet.obj
c:\users\gameloft\desktop\finish\project\gameproject\debug\bulletboss.obj
c:\users\gameloft\desktop\finish\project\gameproject\debug\bulletnewenemy.obj
c:\users\gameloft\desktop\finish\project\gameproject\debug\bullettype1.obj
c:\users\gameloft\desktop\finish\project\gameproject\debug\collision.obj
c:\users\gameloft\desktop\finish\project\gameproject\debug\enemy.obj
c:\users\gameloft\desktop\finish\project\gameproject\debug\enemycircle.obj
c:\users\gameloft\desktop\finish\project\gameproject\debug\enemyrectangle.obj
c:\users\gameloft\desktop\finish\project\gameproject\debug\pugixml.obj
c:\users\gameloft\desktop\finish\project\gameproject\debug\cbutton.obj
c:\users\gameloft\desktop\finish\project\gameproject\debug\emitter.obj
c:\users\gameloft\desktop\finish\project\gameproject\debug\game.obj
c:\users\gameloft\desktop\finish\project\gameproject\debug\gamemusic.obj
c:\users\gameloft\desktop\finish\project\gameproject\debug\gamesound.obj
c:\users\gameloft\desktop\finish\project\debug\core.lib
c:\users\gameloft\desktop\finish\project\debug\core.exp
c:\users\gameloft\desktop\finish\project\debug\core.ilk
c:\users\gameloft\desktop\finish\project\debug\core.exe
c:\users\gameloft\desktop\finish\project\debug\core.pdb
c:\users\gameloft\desktop\finish\project\gameproject\debug\core.tlog\cl.command.1.tlog
c:\users\gameloft\desktop\finish\project\gameproject\debug\core.tlog\cl.read.1.tlog
c:\users\gameloft\desktop\finish\project\gameproject\debug\core.tlog\cl.write.1.tlog
c:\users\gameloft\desktop\finish\project\gameproject\debug\core.tlog\core.write.1u.tlog
c:\users\gameloft\desktop\finish\project\gameproject\debug\core.tlog\link.command.1.tlog
c:\users\gameloft\desktop\finish\project\gameproject\debug\core.tlog\link.read.1.tlog
c:\users\gameloft\desktop\finish\project\gameproject\debug\core.tlog\link.write.1.tlog
