  pugixml.cpp
  CButton.cpp
CButton.cpp(52): warning C4305: '+=': truncation from 'double' to 'float'
  Emitter.cpp
d:\game-project\project\gameproject\Game.h(37): warning C4150: deletion of pointer to incomplete type 'StateManager'; no destructor called
  d:\game-project\project\gameproject\Game.h(16): note: see declaration of 'StateManager'
Emitter.cpp(8): warning C4244: 'argument': conversion from 'time_t' to 'unsigned int', possible loss of data
Emitter.cpp(74): warning C4244: 'argument': conversion from 'double' to 'float', possible loss of data
  Game.cpp
d:\game-project\project\gameproject\Game.h(37): warning C4150: deletion of pointer to incomplete type 'StateManager'; no destructor called
  d:\game-project\project\gameproject\Game.h(16): note: see declaration of 'StateManager'
  GameMusic.cpp
GameMusic.cpp(53): warning C4244: 'argument': conversion from 'double' to 'float', possible loss of data
  GameSound.cpp
GameSound.cpp(39): warning C4244: 'argument': conversion from 'double' to 'float', possible loss of data
  j1PerfTimer.cpp
  KeyManager.cpp
  Lights.cpp
  Model.cpp
  Object.cpp
d:\game-project\project\gameproject\Game.h(37): warning C4150: deletion of pointer to incomplete type 'StateManager'; no destructor called
  d:\game-project\project\gameproject\Game.h(16): note: see declaration of 'StateManager'
Object.cpp(75): warning C4305: '+=': truncation from 'double' to 'float'
Object.cpp(138): warning C4244: '=': conversion from 'double' to 'GLfloat', possible loss of data
Object.cpp(139): warning C4244: '=': conversion from 'double' to 'GLfloat', possible loss of data
Object.cpp(146): warning C4244: '=': conversion from 'double' to 'GLfloat', possible loss of data
Object.cpp(147): warning C4244: '=': conversion from 'double' to 'GLfloat', possible loss of data
Object.cpp(173): warning C4244: '=': conversion from 'double' to 'float', possible loss of data
Object.cpp(181): warning C4244: '=': conversion from 'double' to 'float', possible loss of data
  p2Log.cpp
  Particle.cpp
d:\game-project\project\gameproject\Game.h(37): warning C4150: deletion of pointer to incomplete type 'StateManager'; no destructor called
  d:\game-project\project\gameproject\Game.h(16): note: see declaration of 'StateManager'
  ParticlePool.cpp
ParticlePool.cpp(113): warning C4244: '=': conversion from 'double' to 'GLfloat', possible loss of data
ParticlePool.cpp(114): warning C4244: '=': conversion from 'double' to 'GLfloat', possible loss of data
ParticlePool.cpp(115): warning C4244: '=': conversion from 'double' to 'GLfloat', possible loss of data
ParticlePool.cpp(116): warning C4244: '=': conversion from 'double' to 'GLfloat', possible loss of data
  ParticleSystem.cpp
d:\game-project\project\gameproject\Game.h(37): warning C4150: deletion of pointer to incomplete type 'StateManager'; no destructor called
  d:\game-project\project\gameproject\Game.h(16): note: see declaration of 'StateManager'
ParticleSystem.cpp(217): warning C4244: '=': conversion from 'unsigned int' to 'float', possible loss of data
ParticleSystem.cpp(218): warning C4244: '=': conversion from 'unsigned int' to 'float', possible loss of data
ParticleSystem.cpp(219): warning C4244: '=': conversion from 'unsigned int' to 'float', possible loss of data
ParticleSystem.cpp(220): warning C4244: '=': conversion from 'unsigned int' to 'float', possible loss of data
ParticleSystem.cpp(223): warning C4244: '=': conversion from 'unsigned int' to 'float', possible loss of data
ParticleSystem.cpp(224): warning C4244: '=': conversion from 'unsigned int' to 'float', possible loss of data
ParticleSystem.cpp(225): warning C4244: '=': conversion from 'unsigned int' to 'float', possible loss of data
ParticleSystem.cpp(226): warning C4244: '=': conversion from 'unsigned int' to 'float', possible loss of data
  PhysicsEngine.cpp
d:\game-project\project\gameproject\Game.h(37): warning C4150: deletion of pointer to incomplete type 'StateManager'; no destructor called
  d:\game-project\project\gameproject\Game.h(16): note: see declaration of 'StateManager'
PhysicsEngine.cpp(38): warning C4244: 'argument': conversion from 'double' to 'float32', possible loss of data
PhysicsEngine.cpp(58): warning C4018: '<': signed/unsigned mismatch
PhysicsEngine.cpp(249): warning C4305: '*=': truncation from 'double' to 'float'
PhysicsEngine.cpp(253): warning C4305: '*=': truncation from 'double' to 'float'
PhysicsEngine.cpp(254): warning C4305: '*=': truncation from 'double' to 'float'
PhysicsEngine.cpp(258): warning C4305: '*=': truncation from 'double' to 'float'
PhysicsEngine.cpp(265): warning C4244: 'initializing': conversion from 'double' to 'int', possible loss of data
  boss.cpp
d:\game-project\project\gameproject\projecttest\../Game.h(37): warning C4150: deletion of pointer to incomplete type 'StateManager'; no destructor called
  d:\game-project\project\gameproject\projecttest\../Game.h(16): note: see declaration of 'StateManager'
ProjectTest\boss.cpp(38): warning C4305: 'argument': truncation from 'double' to 'float32'
  Box2DSceneManager.cpp
ProjectTest\Box2DSceneManager.cpp(18): warning C4996: 'fopen': This function or variable may be unsafe. Consider using fopen_s instead. To disable deprecation, use _CRT_SECURE_NO_WARNINGS. See online help for details.
  C:\Program Files (x86)\Windows Kits\10\Include\10.0.10240.0\ucrt\stdio.h(205): note: see declaration of 'fopen'
ProjectTest\Box2DSceneManager.cpp(23): warning C4996: 'fscanf': This function or variable may be unsafe. Consider using fscanf_s instead. To disable deprecation, use _CRT_SECURE_NO_WARNINGS. See online help for details.
  C:\Program Files (x86)\Windows Kits\10\Include\10.0.10240.0\ucrt\stdio.h(1193): note: see declaration of 'fscanf'
ProjectTest\Box2DSceneManager.cpp(29): warning C4996: 'fscanf': This function or variable may be unsafe. Consider using fscanf_s instead. To disable deprecation, use _CRT_SECURE_NO_WARNINGS. See online help for details.
  C:\Program Files (x86)\Windows Kits\10\Include\10.0.10240.0\ucrt\stdio.h(1193): note: see declaration of 'fscanf'
ProjectTest\Box2DSceneManager.cpp(33): warning C4996: 'fscanf': This function or variable may be unsafe. Consider using fscanf_s instead. To disable deprecation, use _CRT_SECURE_NO_WARNINGS. See online help for details.
  C:\Program Files (x86)\Windows Kits\10\Include\10.0.10240.0\ucrt\stdio.h(1193): note: see declaration of 'fscanf'
ProjectTest\Box2DSceneManager.cpp(34): warning C4996: 'fscanf': This function or variable may be unsafe. Consider using fscanf_s instead. To disable deprecation, use _CRT_SECURE_NO_WARNINGS. See online help for details.
  C:\Program Files (x86)\Windows Kits\10\Include\10.0.10240.0\ucrt\stdio.h(1193): note: see declaration of 'fscanf'
ProjectTest\Box2DSceneManager.cpp(35): warning C4996: 'fscanf': This function or variable may be unsafe. Consider using fscanf_s instead. To disable deprecation, use _CRT_SECURE_NO_WARNINGS. See online help for details.
  C:\Program Files (x86)\Windows Kits\10\Include\10.0.10240.0\ucrt\stdio.h(1193): note: see declaration of 'fscanf'
ProjectTest\Box2DSceneManager.cpp(36): warning C4996: 'fscanf': This function or variable may be unsafe. Consider using fscanf_s instead. To disable deprecation, use _CRT_SECURE_NO_WARNINGS. See online help for details.
  C:\Program Files (x86)\Windows Kits\10\Include\10.0.10240.0\ucrt\stdio.h(1193): note: see declaration of 'fscanf'
ProjectTest\Box2DSceneManager.cpp(44): warning C4996: 'fscanf': This function or variable may be unsafe. Consider using fscanf_s instead. To disable deprecation, use _CRT_SECURE_NO_WARNINGS. See online help for details.
  C:\Program Files (x86)\Windows Kits\10\Include\10.0.10240.0\ucrt\stdio.h(1193): note: see declaration of 'fscanf'
ProjectTest\Box2DSceneManager.cpp(49): warning C4996: 'fscanf': This function or variable may be unsafe. Consider using fscanf_s instead. To disable deprecation, use _CRT_SECURE_NO_WARNINGS. See online help for details.
  C:\Program Files (x86)\Windows Kits\10\Include\10.0.10240.0\ucrt\stdio.h(1193): note: see declaration of 'fscanf'
ProjectTest\Box2DSceneManager.cpp(50): warning C4996: 'fscanf': This function or variable may be unsafe. Consider using fscanf_s instead. To disable deprecation, use _CRT_SECURE_NO_WARNINGS. See online help for details.
  C:\Program Files (x86)\Windows Kits\10\Include\10.0.10240.0\ucrt\stdio.h(1193): note: see declaration of 'fscanf'
ProjectTest\Box2DSceneManager.cpp(68): warning C4996: 'fscanf': This function or variable may be unsafe. Consider using fscanf_s instead. To disable deprecation, use _CRT_SECURE_NO_WARNINGS. See online help for details.
  C:\Program Files (x86)\Windows Kits\10\Include\10.0.10240.0\ucrt\stdio.h(1193): note: see declaration of 'fscanf'
ProjectTest\Box2DSceneManager.cpp(73): warning C4996: 'fscanf': This function or variable may be unsafe. Consider using fscanf_s instead. To disable deprecation, use _CRT_SECURE_NO_WARNINGS. See online help for details.
  C:\Program Files (x86)\Windows Kits\10\Include\10.0.10240.0\ucrt\stdio.h(1193): note: see declaration of 'fscanf'
ProjectTest\Box2DSceneManager.cpp(74): warning C4996: 'fscanf': This function or variable may be unsafe. Consider using fscanf_s instead. To disable deprecation, use _CRT_SECURE_NO_WARNINGS. See online help for details.
  C:\Program Files (x86)\Windows Kits\10\Include\10.0.10240.0\ucrt\stdio.h(1193): note: see declaration of 'fscanf'
ProjectTest\Box2DSceneManager.cpp(75): warning C4996: 'fscanf': This function or variable may be unsafe. Consider using fscanf_s instead. To disable deprecation, use _CRT_SECURE_NO_WARNINGS. See online help for details.
  C:\Program Files (x86)\Windows Kits\10\Include\10.0.10240.0\ucrt\stdio.h(1193): note: see declaration of 'fscanf'
ProjectTest\Box2DSceneManager.cpp(91): warning C4996: 'fscanf': This function or variable may be unsafe. Consider using fscanf_s instead. To disable deprecation, use _CRT_SECURE_NO_WARNINGS. See online help for details.
  C:\Program Files (x86)\Windows Kits\10\Include\10.0.10240.0\ucrt\stdio.h(1193): note: see declaration of 'fscanf'
ProjectTest\Box2DSceneManager.cpp(92): warning C4996: 'fscanf': This function or variable may be unsafe. Consider using fscanf_s instead. To disable deprecation, use _CRT_SECURE_NO_WARNINGS. See online help for details.
  C:\Program Files (x86)\Windows Kits\10\Include\10.0.10240.0\ucrt\stdio.h(1193): note: see declaration of 'fscanf'
ProjectTest\Box2DSceneManager.cpp(93): warning C4996: 'fscanf': This function or variable may be unsafe. Consider using fscanf_s instead. To disable deprecation, use _CRT_SECURE_NO_WARNINGS. See online help for details.
  C:\Program Files (x86)\Windows Kits\10\Include\10.0.10240.0\ucrt\stdio.h(1193): note: see declaration of 'fscanf'
ProjectTest\Box2DSceneManager.cpp(107): warning C4996: 'fscanf': This function or variable may be unsafe. Consider using fscanf_s instead. To disable deprecation, use _CRT_SECURE_NO_WARNINGS. See online help for details.
  C:\Program Files (x86)\Windows Kits\10\Include\10.0.10240.0\ucrt\stdio.h(1193): note: see declaration of 'fscanf'
ProjectTest\Box2DSceneManager.cpp(113): warning C4996: 'fscanf': This function or variable may be unsafe. Consider using fscanf_s instead. To disable deprecation, use _CRT_SECURE_NO_WARNINGS. See online help for details.
  C:\Program Files (x86)\Windows Kits\10\Include\10.0.10240.0\ucrt\stdio.h(1193): note: see declaration of 'fscanf'
ProjectTest\Box2DSceneManager.cpp(114): warning C4996: 'fscanf': This function or variable may be unsafe. Consider using fscanf_s instead. To disable deprecation, use _CRT_SECURE_NO_WARNINGS. See online help for details.
  C:\Program Files (x86)\Windows Kits\10\Include\10.0.10240.0\ucrt\stdio.h(1193): note: see declaration of 'fscanf'
ProjectTest\Box2DSceneManager.cpp(115): warning C4996: 'fscanf': This function or variable may be unsafe. Consider using fscanf_s instead. To disable deprecation, use _CRT_SECURE_NO_WARNINGS. See online help for details.
  C:\Program Files (x86)\Windows Kits\10\Include\10.0.10240.0\ucrt\stdio.h(1193): note: see declaration of 'fscanf'
ProjectTest\Box2DSceneManager.cpp(129): warning C4996: 'fscanf': This function or variable may be unsafe. Consider using fscanf_s instead. To disable deprecation, use _CRT_SECURE_NO_WARNINGS. See online help for details.
  C:\Program Files (x86)\Windows Kits\10\Include\10.0.10240.0\ucrt\stdio.h(1193): note: see declaration of 'fscanf'
ProjectTest\Box2DSceneManager.cpp(135): warning C4996: 'fscanf': This function or variable may be unsafe. Consider using fscanf_s instead. To disable deprecation, use _CRT_SECURE_NO_WARNINGS. See online help for details.
  C:\Program Files (x86)\Windows Kits\10\Include\10.0.10240.0\ucrt\stdio.h(1193): note: see declaration of 'fscanf'
ProjectTest\Box2DSceneManager.cpp(136): warning C4996: 'fscanf': This function or variable may be unsafe. Consider using fscanf_s instead. To disable deprecation, use _CRT_SECURE_NO_WARNINGS. See online help for details.
  C:\Program Files (x86)\Windows Kits\10\Include\10.0.10240.0\ucrt\stdio.h(1193): note: see declaration of 'fscanf'
ProjectTest\Box2DSceneManager.cpp(148): warning C4996: 'fscanf': This function or variable may be unsafe. Consider using fscanf_s instead. To disable deprecation, use _CRT_SECURE_NO_WARNINGS. See online help for details.
  C:\Program Files (x86)\Windows Kits\10\Include\10.0.10240.0\ucrt\stdio.h(1193): note: see declaration of 'fscanf'
ProjectTest\Box2DSceneManager.cpp(153): warning C4996: 'fscanf': This function or variable may be unsafe. Consider using fscanf_s instead. To disable deprecation, use _CRT_SECURE_NO_WARNINGS. See online help for details.
  C:\Program Files (x86)\Windows Kits\10\Include\10.0.10240.0\ucrt\stdio.h(1193): note: see declaration of 'fscanf'
ProjectTest\Box2DSceneManager.cpp(154): warning C4996: 'fscanf': This function or variable may be unsafe. Consider using fscanf_s instead. To disable deprecation, use _CRT_SECURE_NO_WARNINGS. See online help for details.
  C:\Program Files (x86)\Windows Kits\10\Include\10.0.10240.0\ucrt\stdio.h(1193): note: see declaration of 'fscanf'
ProjectTest\Box2DSceneManager.cpp(167): warning C4996: 'fscanf': This function or variable may be unsafe. Consider using fscanf_s instead. To disable deprecation, use _CRT_SECURE_NO_WARNINGS. See online help for details.
  C:\Program Files (x86)\Windows Kits\10\Include\10.0.10240.0\ucrt\stdio.h(1193): note: see declaration of 'fscanf'
ProjectTest\Box2DSceneManager.cpp(172): warning C4996: 'fscanf': This function or variable may be unsafe. Consider using fscanf_s instead. To disable deprecation, use _CRT_SECURE_NO_WARNINGS. See online help for details.
  C:\Program Files (x86)\Windows Kits\10\Include\10.0.10240.0\ucrt\stdio.h(1193): note: see declaration of 'fscanf'
ProjectTest\Box2DSceneManager.cpp(173): warning C4996: 'fscanf': This function or variable may be unsafe. Consider using fscanf_s instead. To disable deprecation, use _CRT_SECURE_NO_WARNINGS. See online help for details.
  C:\Program Files (x86)\Windows Kits\10\Include\10.0.10240.0\ucrt\stdio.h(1193): note: see declaration of 'fscanf'
ProjectTest\Box2DSceneManager.cpp(187): warning C4996: 'fscanf': This function or variable may be unsafe. Consider using fscanf_s instead. To disable deprecation, use _CRT_SECURE_NO_WARNINGS. See online help for details.
  C:\Program Files (x86)\Windows Kits\10\Include\10.0.10240.0\ucrt\stdio.h(1193): note: see declaration of 'fscanf'
ProjectTest\Box2DSceneManager.cpp(193): warning C4996: 'fscanf': This function or variable may be unsafe. Consider using fscanf_s instead. To disable deprecation, use _CRT_SECURE_NO_WARNINGS. See online help for details.
  C:\Program Files (x86)\Windows Kits\10\Include\10.0.10240.0\ucrt\stdio.h(1193): note: see declaration of 'fscanf'
ProjectTest\Box2DSceneManager.cpp(194): warning C4996: 'fscanf': This function or variable may be unsafe. Consider using fscanf_s instead. To disable deprecation, use _CRT_SECURE_NO_WARNINGS. See online help for details.
  C:\Program Files (x86)\Windows Kits\10\Include\10.0.10240.0\ucrt\stdio.h(1193): note: see declaration of 'fscanf'
ProjectTest\Box2DSceneManager.cpp(195): warning C4996: 'fscanf': This function or variable may be unsafe. Consider using fscanf_s instead. To disable deprecation, use _CRT_SECURE_NO_WARNINGS. See online help for details.
  C:\Program Files (x86)\Windows Kits\10\Include\10.0.10240.0\ucrt\stdio.h(1193): note: see declaration of 'fscanf'
ProjectTest\Box2DSceneManager.cpp(209): warning C4996: 'fscanf': This function or variable may be unsafe. Consider using fscanf_s instead. To disable deprecation, use _CRT_SECURE_NO_WARNINGS. See online help for details.
  C:\Program Files (x86)\Windows Kits\10\Include\10.0.10240.0\ucrt\stdio.h(1193): note: see declaration of 'fscanf'
ProjectTest\Box2DSceneManager.cpp(215): warning C4996: 'fscanf': This function or variable may be unsafe. Consider using fscanf_s instead. To disable deprecation, use _CRT_SECURE_NO_WARNINGS. See online help for details.
  C:\Program Files (x86)\Windows Kits\10\Include\10.0.10240.0\ucrt\stdio.h(1193): note: see declaration of 'fscanf'
ProjectTest\Box2DSceneManager.cpp(216): warning C4996: 'fscanf': This function or variable may be unsafe. Consider using fscanf_s instead. To disable deprecation, use _CRT_SECURE_NO_WARNINGS. See online help for details.
  C:\Program Files (x86)\Windows Kits\10\Include\10.0.10240.0\ucrt\stdio.h(1193): note: see declaration of 'fscanf'
ProjectTest\Box2DSceneManager.cpp(217): warning C4996: 'fscanf': This function or variable may be unsafe. Consider using fscanf_s instead. To disable deprecation, use _CRT_SECURE_NO_WARNINGS. See online help for details.
  C:\Program Files (x86)\Windows Kits\10\Include\10.0.10240.0\ucrt\stdio.h(1193): note: see declaration of 'fscanf'
ProjectTest\Box2DSceneManager.cpp(240): warning C4018: '<': signed/unsigned mismatch
ProjectTest\Box2DSceneManager.cpp(246): warning C4018: '<': signed/unsigned mismatch
  Bullet.cpp
  bulletboss.cpp
  Generating Code...
  Compiling...
  BulletNewenemy.cpp
  BulletType1.cpp
d:\game-project\project\gameproject\projecttest\../Game.h(37): warning C4150: deletion of pointer to incomplete type 'StateManager'; no destructor called
  d:\game-project\project\gameproject\projecttest\../Game.h(16): note: see declaration of 'StateManager'
  Collision.cpp
  Enemy.cpp
  EnemyCircle.cpp
d:\game-project\project\gameproject\projecttest\../Game.h(37): warning C4150: deletion of pointer to incomplete type 'StateManager'; no destructor called
  d:\game-project\project\gameproject\projecttest\../Game.h(16): note: see declaration of 'StateManager'
ProjectTest\EnemyCircle.cpp(59): warning C4244: 'argument': conversion from 'time_t' to 'unsigned int', possible loss of data
  EnemyRectangle.cpp
d:\game-project\project\gameproject\projecttest\../Game.h(37): warning C4150: deletion of pointer to incomplete type 'StateManager'; no destructor called
  d:\game-project\project\gameproject\projecttest\../Game.h(16): note: see declaration of 'StateManager'
ProjectTest\EnemyRectangle.cpp(42): warning C4244: 'argument': conversion from 'time_t' to 'unsigned int', possible loss of data
  Item.cpp
  ItemBom.cpp
  ItemHp.cpp
  LazerTower.cpp
ProjectTest\LazerTower.cpp(21): warning C4305: 'argument': truncation from 'double' to 'float32'
  MainCharacter.cpp
d:\game-project\project\gameproject\projecttest\../Game.h(37): warning C4150: deletion of pointer to incomplete type 'StateManager'; no destructor called
  d:\game-project\project\gameproject\projecttest\../Game.h(16): note: see declaration of 'StateManager'
  Missile.cpp
d:\game-project\project\gameproject\projecttest\../Game.h(37): warning C4150: deletion of pointer to incomplete type 'StateManager'; no destructor called
  d:\game-project\project\gameproject\projecttest\../Game.h(16): note: see declaration of 'StateManager'
  NewEnemy.cpp
d:\game-project\project\gameproject\projecttest\../Game.h(37): warning C4150: deletion of pointer to incomplete type 'StateManager'; no destructor called
  d:\game-project\project\gameproject\projecttest\../Game.h(16): note: see declaration of 'StateManager'
ProjectTest\NewEnemy.cpp(30): warning C4244: 'argument': conversion from 'time_t' to 'unsigned int', possible loss of data
  ObjectPhysic.cpp
  UpgradeBullet.cpp
  ResourceManager.cpp
ResourceManager.cpp(20): warning C4996: 'fopen': This function or variable may be unsafe. Consider using fopen_s instead. To disable deprecation, use _CRT_SECURE_NO_WARNINGS. See online help for details.
  C:\Program Files (x86)\Windows Kits\10\Include\10.0.10240.0\ucrt\stdio.h(205): note: see declaration of 'fopen'
ResourceManager.cpp(22): warning C4996: 'fscanf': This function or variable may be unsafe. Consider using fscanf_s instead. To disable deprecation, use _CRT_SECURE_NO_WARNINGS. See online help for details.
  C:\Program Files (x86)\Windows Kits\10\Include\10.0.10240.0\ucrt\stdio.h(1193): note: see declaration of 'fscanf'
ResourceManager.cpp(27): warning C4996: 'fscanf': This function or variable may be unsafe. Consider using fscanf_s instead. To disable deprecation, use _CRT_SECURE_NO_WARNINGS. See online help for details.
  C:\Program Files (x86)\Windows Kits\10\Include\10.0.10240.0\ucrt\stdio.h(1193): note: see declaration of 'fscanf'
ResourceManager.cpp(28): warning C4996: 'fscanf': This function or variable may be unsafe. Consider using fscanf_s instead. To disable deprecation, use _CRT_SECURE_NO_WARNINGS. See online help for details.
  C:\Program Files (x86)\Windows Kits\10\Include\10.0.10240.0\ucrt\stdio.h(1193): note: see declaration of 'fscanf'
ResourceManager.cpp(29): warning C4996: 'fopen': This function or variable may be unsafe. Consider using fopen_s instead. To disable deprecation, use _CRT_SECURE_NO_WARNINGS. See online help for details.
  C:\Program Files (x86)\Windows Kits\10\Include\10.0.10240.0\ucrt\stdio.h(205): note: see declaration of 'fopen'
ResourceManager.cpp(30): warning C4996: 'fscanf': This function or variable may be unsafe. Consider using fscanf_s instead. To disable deprecation, use _CRT_SECURE_NO_WARNINGS. See online help for details.
  C:\Program Files (x86)\Windows Kits\10\Include\10.0.10240.0\ucrt\stdio.h(1193): note: see declaration of 'fscanf'
ResourceManager.cpp(33): warning C4996: 'fscanf': This function or variable may be unsafe. Consider using fscanf_s instead. To disable deprecation, use _CRT_SECURE_NO_WARNINGS. See online help for details.
  C:\Program Files (x86)\Windows Kits\10\Include\10.0.10240.0\ucrt\stdio.h(1193): note: see declaration of 'fscanf'
ResourceManager.cpp(34): warning C4996: 'fscanf': This function or variable may be unsafe. Consider using fscanf_s instead. To disable deprecation, use _CRT_SECURE_NO_WARNINGS. See online help for details.
  C:\Program Files (x86)\Windows Kits\10\Include\10.0.10240.0\ucrt\stdio.h(1193): note: see declaration of 'fscanf'
ResourceManager.cpp(35): warning C4996: 'fscanf': This function or variable may be unsafe. Consider using fscanf_s instead. To disable deprecation, use _CRT_SECURE_NO_WARNINGS. See online help for details.
  C:\Program Files (x86)\Windows Kits\10\Include\10.0.10240.0\ucrt\stdio.h(1193): note: see declaration of 'fscanf'
ResourceManager.cpp(37): warning C4996: 'fscanf': This function or variable may be unsafe. Consider using fscanf_s instead. To disable deprecation, use _CRT_SECURE_NO_WARNINGS. See online help for details.
  C:\Program Files (x86)\Windows Kits\10\Include\10.0.10240.0\ucrt\stdio.h(1193): note: see declaration of 'fscanf'
ResourceManager.cpp(41): warning C4996: 'fscanf': This function or variable may be unsafe. Consider using fscanf_s instead. To disable deprecation, use _CRT_SECURE_NO_WARNINGS. See online help for details.
  C:\Program Files (x86)\Windows Kits\10\Include\10.0.10240.0\ucrt\stdio.h(1193): note: see declaration of 'fscanf'
ResourceManager.cpp(48): warning C4996: 'fscanf': This function or variable may be unsafe. Consider using fscanf_s instead. To disable deprecation, use _CRT_SECURE_NO_WARNINGS. See online help for details.
  C:\Program Files (x86)\Windows Kits\10\Include\10.0.10240.0\ucrt\stdio.h(1193): note: see declaration of 'fscanf'
ResourceManager.cpp(50): warning C4996: 'fscanf': This function or variable may be unsafe. Consider using fscanf_s instead. To disable deprecation, use _CRT_SECURE_NO_WARNINGS. See online help for details.
  C:\Program Files (x86)\Windows Kits\10\Include\10.0.10240.0\ucrt\stdio.h(1193): note: see declaration of 'fscanf'
ResourceManager.cpp(54): warning C4996: 'fscanf': This function or variable may be unsafe. Consider using fscanf_s instead. To disable deprecation, use _CRT_SECURE_NO_WARNINGS. See online help for details.
  C:\Program Files (x86)\Windows Kits\10\Include\10.0.10240.0\ucrt\stdio.h(1193): note: see declaration of 'fscanf'
ResourceManager.cpp(55): warning C4996: 'fscanf': This function or variable may be unsafe. Consider using fscanf_s instead. To disable deprecation, use _CRT_SECURE_NO_WARNINGS. See online help for details.
  C:\Program Files (x86)\Windows Kits\10\Include\10.0.10240.0\ucrt\stdio.h(1193): note: see declaration of 'fscanf'
ResourceManager.cpp(60): warning C4996: 'fscanf': This function or variable may be unsafe. Consider using fscanf_s instead. To disable deprecation, use _CRT_SECURE_NO_WARNINGS. See online help for details.
  C:\Program Files (x86)\Windows Kits\10\Include\10.0.10240.0\ucrt\stdio.h(1193): note: see declaration of 'fscanf'
ResourceManager.cpp(62): warning C4996: 'fscanf': This function or variable may be unsafe. Consider using fscanf_s instead. To disable deprecation, use _CRT_SECURE_NO_WARNINGS. See online help for details.
  C:\Program Files (x86)\Windows Kits\10\Include\10.0.10240.0\ucrt\stdio.h(1193): note: see declaration of 'fscanf'
ResourceManager.cpp(68): warning C4996: 'fscanf': This function or variable may be unsafe. Consider using fscanf_s instead. To disable deprecation, use _CRT_SECURE_NO_WARNINGS. See online help for details.
  C:\Program Files (x86)\Windows Kits\10\Include\10.0.10240.0\ucrt\stdio.h(1193): note: see declaration of 'fscanf'
ResourceManager.cpp(69): warning C4996: 'fscanf': This function or variable may be unsafe. Consider using fscanf_s instead. To disable deprecation, use _CRT_SECURE_NO_WARNINGS. See online help for details.
  C:\Program Files (x86)\Windows Kits\10\Include\10.0.10240.0\ucrt\stdio.h(1193): note: see declaration of 'fscanf'
ResourceManager.cpp(70): warning C4996: 'fscanf': This function or variable may be unsafe. Consider using fscanf_s instead. To disable deprecation, use _CRT_SECURE_NO_WARNINGS. See online help for details.
  C:\Program Files (x86)\Windows Kits\10\Include\10.0.10240.0\ucrt\stdio.h(1193): note: see declaration of 'fscanf'
ResourceManager.cpp(63): warning C4101: 'state': unreferenced local variable
  SceneManager.cpp
SceneManager.cpp(24): warning C4996: 'fopen': This function or variable may be unsafe. Consider using fopen_s instead. To disable deprecation, use _CRT_SECURE_NO_WARNINGS. See online help for details.
  C:\Program Files (x86)\Windows Kits\10\Include\10.0.10240.0\ucrt\stdio.h(205): note: see declaration of 'fopen'
SceneManager.cpp(26): warning C4996: 'fscanf': This function or variable may be unsafe. Consider using fscanf_s instead. To disable deprecation, use _CRT_SECURE_NO_WARNINGS. See online help for details.
  C:\Program Files (x86)\Windows Kits\10\Include\10.0.10240.0\ucrt\stdio.h(1193): note: see declaration of 'fscanf'
SceneManager.cpp(30): warning C4996: 'fscanf': This function or variable may be unsafe. Consider using fscanf_s instead. To disable deprecation, use _CRT_SECURE_NO_WARNINGS. See online help for details.
  C:\Program Files (x86)\Windows Kits\10\Include\10.0.10240.0\ucrt\stdio.h(1193): note: see declaration of 'fscanf'
SceneManager.cpp(31): warning C4996: 'fscanf': This function or variable may be unsafe. Consider using fscanf_s instead. To disable deprecation, use _CRT_SECURE_NO_WARNINGS. See online help for details.
  C:\Program Files (x86)\Windows Kits\10\Include\10.0.10240.0\ucrt\stdio.h(1193): note: see declaration of 'fscanf'
SceneManager.cpp(32): warning C4996: 'fscanf': This function or variable may be unsafe. Consider using fscanf_s instead. To disable deprecation, use _CRT_SECURE_NO_WARNINGS. See online help for details.
  C:\Program Files (x86)\Windows Kits\10\Include\10.0.10240.0\ucrt\stdio.h(1193): note: see declaration of 'fscanf'
SceneManager.cpp(33): warning C4996: 'fscanf': This function or variable may be unsafe. Consider using fscanf_s instead. To disable deprecation, use _CRT_SECURE_NO_WARNINGS. See online help for details.
  C:\Program Files (x86)\Windows Kits\10\Include\10.0.10240.0\ucrt\stdio.h(1193): note: see declaration of 'fscanf'
SceneManager.cpp(35): warning C4996: 'fscanf': This function or variable may be unsafe. Consider using fscanf_s instead. To disable deprecation, use _CRT_SECURE_NO_WARNINGS. See online help for details.
  C:\Program Files (x86)\Windows Kits\10\Include\10.0.10240.0\ucrt\stdio.h(1193): note: see declaration of 'fscanf'
SceneManager.cpp(38): warning C4996: 'fscanf': This function or variable may be unsafe. Consider using fscanf_s instead. To disable deprecation, use _CRT_SECURE_NO_WARNINGS. See online help for details.
  C:\Program Files (x86)\Windows Kits\10\Include\10.0.10240.0\ucrt\stdio.h(1193): note: see declaration of 'fscanf'
SceneManager.cpp(39): warning C4996: 'fscanf': This function or variable may be unsafe. Consider using fscanf_s instead. To disable deprecation, use _CRT_SECURE_NO_WARNINGS. See online help for details.
  C:\Program Files (x86)\Windows Kits\10\Include\10.0.10240.0\ucrt\stdio.h(1193): note: see declaration of 'fscanf'
SceneManager.cpp(42): warning C4996: 'fscanf': This function or variable may be unsafe. Consider using fscanf_s instead. To disable deprecation, use _CRT_SECURE_NO_WARNINGS. See online help for details.
  C:\Program Files (x86)\Windows Kits\10\Include\10.0.10240.0\ucrt\stdio.h(1193): note: see declaration of 'fscanf'
SceneManager.cpp(43): warning C4996: 'fscanf': This function or variable may be unsafe. Consider using fscanf_s instead. To disable deprecation, use _CRT_SECURE_NO_WARNINGS. See online help for details.
  C:\Program Files (x86)\Windows Kits\10\Include\10.0.10240.0\ucrt\stdio.h(1193): note: see declaration of 'fscanf'
SceneManager.cpp(44): warning C4996: 'fscanf': This function or variable may be unsafe. Consider using fscanf_s instead. To disable deprecation, use _CRT_SECURE_NO_WARNINGS. See online help for details.
  C:\Program Files (x86)\Windows Kits\10\Include\10.0.10240.0\ucrt\stdio.h(1193): note: see declaration of 'fscanf'
SceneManager.cpp(45): warning C4996: 'fscanf': This function or variable may be unsafe. Consider using fscanf_s instead. To disable deprecation, use _CRT_SECURE_NO_WARNINGS. See online help for details.
  C:\Program Files (x86)\Windows Kits\10\Include\10.0.10240.0\ucrt\stdio.h(1193): note: see declaration of 'fscanf'
SceneManager.cpp(48): warning C4996: 'fscanf': This function or variable may be unsafe. Consider using fscanf_s instead. To disable deprecation, use _CRT_SECURE_NO_WARNINGS. See online help for details.
  C:\Program Files (x86)\Windows Kits\10\Include\10.0.10240.0\ucrt\stdio.h(1193): note: see declaration of 'fscanf'
SceneManager.cpp(52): warning C4996: 'fscanf': This function or variable may be unsafe. Consider using fscanf_s instead. To disable deprecation, use _CRT_SECURE_NO_WARNINGS. See online help for details.
  C:\Program Files (x86)\Windows Kits\10\Include\10.0.10240.0\ucrt\stdio.h(1193): note: see declaration of 'fscanf'
SceneManager.cpp(53): warning C4996: 'fscanf': This function or variable may be unsafe. Consider using fscanf_s instead. To disable deprecation, use _CRT_SECURE_NO_WARNINGS. See online help for details.
  C:\Program Files (x86)\Windows Kits\10\Include\10.0.10240.0\ucrt\stdio.h(1193): note: see declaration of 'fscanf'
SceneManager.cpp(54): warning C4996: 'fscanf': This function or variable may be unsafe. Consider using fscanf_s instead. To disable deprecation, use _CRT_SECURE_NO_WARNINGS. See online help for details.
  C:\Program Files (x86)\Windows Kits\10\Include\10.0.10240.0\ucrt\stdio.h(1193): note: see declaration of 'fscanf'
SceneManager.cpp(55): warning C4996: 'fscanf': This function or variable may be unsafe. Consider using fscanf_s instead. To disable deprecation, use _CRT_SECURE_NO_WARNINGS. See online help for details.
  C:\Program Files (x86)\Windows Kits\10\Include\10.0.10240.0\ucrt\stdio.h(1193): note: see declaration of 'fscanf'
SceneManager.cpp(56): warning C4996: 'fscanf': This function or variable may be unsafe. Consider using fscanf_s instead. To disable deprecation, use _CRT_SECURE_NO_WARNINGS. See online help for details.
  C:\Program Files (x86)\Windows Kits\10\Include\10.0.10240.0\ucrt\stdio.h(1193): note: see declaration of 'fscanf'
SceneManager.cpp(58): warning C4996: 'fscanf': This function or variable may be unsafe. Consider using fscanf_s instead. To disable deprecation, use _CRT_SECURE_NO_WARNINGS. See online help for details.
  C:\Program Files (x86)\Windows Kits\10\Include\10.0.10240.0\ucrt\stdio.h(1193): note: see declaration of 'fscanf'
SceneManager.cpp(61): warning C4996: 'fscanf': This function or variable may be unsafe. Consider using fscanf_s instead. To disable deprecation, use _CRT_SECURE_NO_WARNINGS. See online help for details.
  C:\Program Files (x86)\Windows Kits\10\Include\10.0.10240.0\ucrt\stdio.h(1193): note: see declaration of 'fscanf'
SceneManager.cpp(64): warning C4996: 'fscanf': This function or variable may be unsafe. Consider using fscanf_s instead. To disable deprecation, use _CRT_SECURE_NO_WARNINGS. See online help for details.
  C:\Program Files (x86)\Windows Kits\10\Include\10.0.10240.0\ucrt\stdio.h(1193): note: see declaration of 'fscanf'
SceneManager.cpp(65): warning C4996: 'fscanf': This function or variable may be unsafe. Consider using fscanf_s instead. To disable deprecation, use _CRT_SECURE_NO_WARNINGS. See online help for details.
  C:\Program Files (x86)\Windows Kits\10\Include\10.0.10240.0\ucrt\stdio.h(1193): note: see declaration of 'fscanf'
SceneManager.cpp(66): warning C4996: 'fscanf': This function or variable may be unsafe. Consider using fscanf_s instead. To disable deprecation, use _CRT_SECURE_NO_WARNINGS. See online help for details.
  C:\Program Files (x86)\Windows Kits\10\Include\10.0.10240.0\ucrt\stdio.h(1193): note: see declaration of 'fscanf'
SceneManager.cpp(67): warning C4996: 'fscanf': This function or variable may be unsafe. Consider using fscanf_s instead. To disable deprecation, use _CRT_SECURE_NO_WARNINGS. See online help for details.
  C:\Program Files (x86)\Windows Kits\10\Include\10.0.10240.0\ucrt\stdio.h(1193): note: see declaration of 'fscanf'
SceneManager.cpp(22): warning C4101: 'ID': unreferenced local variable
  SoundEngine.cpp
SoundEngine.cpp(40): warning C4996: 'fopen': This function or variable may be unsafe. Consider using fopen_s instead. To disable deprecation, use _CRT_SECURE_NO_WARNINGS. See online help for details.
  C:\Program Files (x86)\Windows Kits\10\Include\10.0.10240.0\ucrt\stdio.h(205): note: see declaration of 'fopen'
SoundEngine.cpp(49): warning C4996: 'fscanf': This function or variable may be unsafe. Consider using fscanf_s instead. To disable deprecation, use _CRT_SECURE_NO_WARNINGS. See online help for details.
  C:\Program Files (x86)\Windows Kits\10\Include\10.0.10240.0\ucrt\stdio.h(1193): note: see declaration of 'fscanf'
SoundEngine.cpp(50): warning C4996: 'fscanf': This function or variable may be unsafe. Consider using fscanf_s instead. To disable deprecation, use _CRT_SECURE_NO_WARNINGS. See online help for details.
  C:\Program Files (x86)\Windows Kits\10\Include\10.0.10240.0\ucrt\stdio.h(1193): note: see declaration of 'fscanf'
SoundEngine.cpp(54): warning C4996: 'fscanf': This function or variable may be unsafe. Consider using fscanf_s instead. To disable deprecation, use _CRT_SECURE_NO_WARNINGS. See online help for details.
  C:\Program Files (x86)\Windows Kits\10\Include\10.0.10240.0\ucrt\stdio.h(1193): note: see declaration of 'fscanf'
SoundEngine.cpp(55): warning C4996: 'fscanf': This function or variable may be unsafe. Consider using fscanf_s instead. To disable deprecation, use _CRT_SECURE_NO_WARNINGS. See online help for details.
  C:\Program Files (x86)\Windows Kits\10\Include\10.0.10240.0\ucrt\stdio.h(1193): note: see declaration of 'fscanf'
SoundEngine.cpp(56): warning C4996: 'fscanf': This function or variable may be unsafe. Consider using fscanf_s instead. To disable deprecation, use _CRT_SECURE_NO_WARNINGS. See online help for details.
  C:\Program Files (x86)\Windows Kits\10\Include\10.0.10240.0\ucrt\stdio.h(1193): note: see declaration of 'fscanf'
SoundEngine.cpp(63): warning C4996: 'fscanf': This function or variable may be unsafe. Consider using fscanf_s instead. To disable deprecation, use _CRT_SECURE_NO_WARNINGS. See online help for details.
  C:\Program Files (x86)\Windows Kits\10\Include\10.0.10240.0\ucrt\stdio.h(1193): note: see declaration of 'fscanf'
SoundEngine.cpp(64): warning C4996: 'fscanf': This function or variable may be unsafe. Consider using fscanf_s instead. To disable deprecation, use _CRT_SECURE_NO_WARNINGS. See online help for details.
  C:\Program Files (x86)\Windows Kits\10\Include\10.0.10240.0\ucrt\stdio.h(1193): note: see declaration of 'fscanf'
SoundEngine.cpp(68): warning C4996: 'fscanf': This function or variable may be unsafe. Consider using fscanf_s instead. To disable deprecation, use _CRT_SECURE_NO_WARNINGS. See online help for details.
  C:\Program Files (x86)\Windows Kits\10\Include\10.0.10240.0\ucrt\stdio.h(1193): note: see declaration of 'fscanf'
SoundEngine.cpp(69): warning C4996: 'fscanf': This function or variable may be unsafe. Consider using fscanf_s instead. To disable deprecation, use _CRT_SECURE_NO_WARNINGS. See online help for details.
  C:\Program Files (x86)\Windows Kits\10\Include\10.0.10240.0\ucrt\stdio.h(1193): note: see declaration of 'fscanf'
SoundEngine.cpp(70): warning C4996: 'fscanf': This function or variable may be unsafe. Consider using fscanf_s instead. To disable deprecation, use _CRT_SECURE_NO_WARNINGS. See online help for details.
  C:\Program Files (x86)\Windows Kits\10\Include\10.0.10240.0\ucrt\stdio.h(1193): note: see declaration of 'fscanf'
SoundEngine.cpp(94): warning C4018: '<': signed/unsigned mismatch
SoundEngine.cpp(95): warning C4018: '<': signed/unsigned mismatch
  Sprite.cpp
  StateManager.cpp
d:\game-project\project\gameproject\Game.h(37): warning C4150: deletion of pointer to incomplete type 'StateManager'; no destructor called
  d:\game-project\project\gameproject\Game.h(16): note: see declaration of 'StateManager'
StateManager.cpp(27): warning C4305: 'argument': truncation from 'double' to 'GLfloat'
StateManager.cpp(147): warning C4244: 'argument': conversion from 'double' to 'DWORD', possible loss of data
StateManager.cpp(159): warning C4244: '=': conversion from 'float' to 'int', possible loss of data
StateManager.cpp(424): warning C4244: 'argument': conversion from 'float' to 'int', possible loss of data
StateManager.cpp(440): warning C4244: 'argument': conversion from 'float' to 'int', possible loss of data
StateManager.cpp(447): warning C4244: 'initializing': conversion from 'float' to 'int', possible loss of data
StateManager.cpp(451): warning C4996: 'strcat': This function or variable may be unsafe. Consider using strcat_s instead. To disable deprecation, use _CRT_SECURE_NO_WARNINGS. See online help for details.
  C:\Program Files (x86)\Windows Kits\10\Include\10.0.10240.0\ucrt\string.h(90): note: see declaration of 'strcat'
StateManager.cpp(457): warning C4244: 'initializing': conversion from 'float' to 'int', possible loss of data
StateManager.cpp(461): warning C4996: 'strcat': This function or variable may be unsafe. Consider using strcat_s instead. To disable deprecation, use _CRT_SECURE_NO_WARNINGS. See online help for details.
  C:\Program Files (x86)\Windows Kits\10\Include\10.0.10240.0\ucrt\string.h(90): note: see declaration of 'strcat'
StateManager.cpp(462): warning C4996: 'strcat': This function or variable may be unsafe. Consider using strcat_s instead. To disable deprecation, use _CRT_SECURE_NO_WARNINGS. See online help for details.
  C:\Program Files (x86)\Windows Kits\10\Include\10.0.10240.0\ucrt\string.h(90): note: see declaration of 'strcat'
StateManager.cpp(463): warning C4996: 'strcat': This function or variable may be unsafe. Consider using strcat_s instead. To disable deprecation, use _CRT_SECURE_NO_WARNINGS. See online help for details.
  C:\Program Files (x86)\Windows Kits\10\Include\10.0.10240.0\ucrt\string.h(90): note: see declaration of 'strcat'
StateManager.cpp(474): warning C4996: 'strcat': This function or variable may be unsafe. Consider using strcat_s instead. To disable deprecation, use _CRT_SECURE_NO_WARNINGS. See online help for details.
  C:\Program Files (x86)\Windows Kits\10\Include\10.0.10240.0\ucrt\string.h(90): note: see declaration of 'strcat'
StateManager.cpp(475): warning C4996: 'strcat': This function or variable may be unsafe. Consider using strcat_s instead. To disable deprecation, use _CRT_SECURE_NO_WARNINGS. See online help for details.
  C:\Program Files (x86)\Windows Kits\10\Include\10.0.10240.0\ucrt\string.h(90): note: see declaration of 'strcat'
StateManager.cpp(484): warning C4996: 'strcat': This function or variable may be unsafe. Consider using strcat_s instead. To disable deprecation, use _CRT_SECURE_NO_WARNINGS. See online help for details.
  C:\Program Files (x86)\Windows Kits\10\Include\10.0.10240.0\ucrt\string.h(90): note: see declaration of 'strcat'
StateManager.cpp(485): warning C4996: 'strcat': This function or variable may be unsafe. Consider using strcat_s instead. To disable deprecation, use _CRT_SECURE_NO_WARNINGS. See online help for details.
  C:\Program Files (x86)\Windows Kits\10\Include\10.0.10240.0\ucrt\string.h(90): note: see declaration of 'strcat'
StateManager.cpp(516): warning C4244: 'argument': conversion from 'float' to 'int', possible loss of data
StateManager.cpp(519): warning C4244: 'argument': conversion from 'float' to 'int', possible loss of data
StateManager.cpp(424): warning C4996: 'itoa': The POSIX name for this item is deprecated. Instead, use the ISO C and C++ conformant name: _itoa. See online help for details.
  C:\Program Files (x86)\Windows Kits\10\Include\10.0.10240.0\ucrt\stdlib.h(1316): note: see declaration of 'itoa'
StateManager.cpp(431): warning C4996: 'itoa': The POSIX name for this item is deprecated. Instead, use the ISO C and C++ conformant name: _itoa. See online help for details.
  C:\Program Files (x86)\Windows Kits\10\Include\10.0.10240.0\ucrt\stdlib.h(1316): note: see declaration of 'itoa'
StateManager.cpp(440): warning C4996: 'itoa': The POSIX name for this item is deprecated. Instead, use the ISO C and C++ conformant name: _itoa. See online help for details.
  C:\Program Files (x86)\Windows Kits\10\Include\10.0.10240.0\ucrt\stdlib.h(1316): note: see declaration of 'itoa'
StateManager.cpp(450): warning C4996: 'sprintf': This function or variable may be unsafe. Consider using sprintf_s instead. To disable deprecation, use _CRT_SECURE_NO_WARNINGS. See online help for details.
  C:\Program Files (x86)\Windows Kits\10\Include\10.0.10240.0\ucrt\stdio.h(1769): note: see declaration of 'sprintf'
StateManager.cpp(459): warning C4996: 'itoa': The POSIX name for this item is deprecated. Instead, use the ISO C and C++ conformant name: _itoa. See online help for details.
  C:\Program Files (x86)\Windows Kits\10\Include\10.0.10240.0\ucrt\stdlib.h(1316): note: see declaration of 'itoa'
StateManager.cpp(460): warning C4996: 'itoa': The POSIX name for this item is deprecated. Instead, use the ISO C and C++ conformant name: _itoa. See online help for details.
  C:\Program Files (x86)\Windows Kits\10\Include\10.0.10240.0\ucrt\stdlib.h(1316): note: see declaration of 'itoa'
StateManager.cpp(471): warning C4996: 'itoa': The POSIX name for this item is deprecated. Instead, use the ISO C and C++ conformant name: _itoa. See online help for details.
  C:\Program Files (x86)\Windows Kits\10\Include\10.0.10240.0\ucrt\stdlib.h(1316): note: see declaration of 'itoa'
StateManager.cpp(481): warning C4996: 'itoa': The POSIX name for this item is deprecated. Instead, use the ISO C and C++ conformant name: _itoa. See online help for details.
  C:\Program Files (x86)\Windows Kits\10\Include\10.0.10240.0\ucrt\stdlib.h(1316): note: see declaration of 'itoa'
StateManager.cpp(516): warning C4996: 'itoa': The POSIX name for this item is deprecated. Instead, use the ISO C and C++ conformant name: _itoa. See online help for details.
  C:\Program Files (x86)\Windows Kits\10\Include\10.0.10240.0\ucrt\stdlib.h(1316): note: see declaration of 'itoa'
StateManager.cpp(519): warning C4996: 'itoa': The POSIX name for this item is deprecated. Instead, use the ISO C and C++ conformant name: _itoa. See online help for details.
  C:\Program Files (x86)\Windows Kits\10\Include\10.0.10240.0\ucrt\stdlib.h(1316): note: see declaration of 'itoa'
StateManager.cpp(554): warning C4305: 'argument': truncation from 'double' to 'GLfloat'
StateManager.cpp(656): warning C4244: 'argument': conversion from 'float' to 'int', possible loss of data
StateManager.cpp(659): warning C4244: 'argument': conversion from 'float' to 'int', possible loss of data
StateManager.cpp(656): warning C4996: 'itoa': The POSIX name for this item is deprecated. Instead, use the ISO C and C++ conformant name: _itoa. See online help for details.
  C:\Program Files (x86)\Windows Kits\10\Include\10.0.10240.0\ucrt\stdlib.h(1316): note: see declaration of 'itoa'
StateManager.cpp(659): warning C4996: 'itoa': The POSIX name for this item is deprecated. Instead, use the ISO C and C++ conformant name: _itoa. See online help for details.
  C:\Program Files (x86)\Windows Kits\10\Include\10.0.10240.0\ucrt\stdlib.h(1316): note: see declaration of 'itoa'
  Generating Code...
d:\game-project\project\gameproject\statemanager.cpp(688): warning C4715: 'GS_CREDITS::handleInput': not all control paths return a value
d:\game-project\project\gameproject\statemanager.cpp(633): warning C4715: 'GS_OPTION::handleInput': not all control paths return a value
d:\game-project\project\gameproject\statemanager.cpp(588): warning C4715: 'GS_MAINMENU::handleInput': not all control paths return a value
  Compiling...
  TextRender.cpp
  Texture.cpp
  Main.cpp
d:\game-project\project\gameproject\Game.h(37): warning C4150: deletion of pointer to incomplete type 'StateManager'; no destructor called
  d:\game-project\project\gameproject\Game.h(16): note: see declaration of 'StateManager'
Main.cpp(57): warning C4244: 'argument': conversion from 'int' to 'float', possible loss of data
Main.cpp(59): warning C4244: 'argument': conversion from 'int' to 'GLfloat', possible loss of data
Main.cpp(64): warning C4244: 'argument': conversion from 'int' to 'float', possible loss of data
Main.cpp(66): warning C4244: 'argument': conversion from 'int' to 'GLfloat', possible loss of data
  Shaders.cpp
  TouchManager.cpp
TouchManager.cpp(38): warning C4244: 'initializing': conversion from 'double' to 'float', possible loss of data
  WVP.cpp
  Generating Code...
  Utilities.lib(MemoryOperators.obj) : MSIL .netmodule or module compiled with /GL found; restarting link with /LTCG; add /LTCG to the link command line to improve linker performance
     Creating library D:\Game-Project\PROJECT\Release\Core.lib and object D:\Game-Project\PROJECT\Release\Core.exp
LINK : warning LNK4098: defaultlib 'MSVCRTD' conflicts with use of other libs; use /NODEFAULTLIB:library
  Generating code
  Finished generating code
freetype.lib(autofit.obj) : warning LNK4099: PDB 'freetype.pdb' was not found with 'freetype.lib(autofit.obj)' or at 'D:\Game-Project\PROJECT\Release\freetype.pdb'; linking object as if no debug info
freetype.lib(ftbase.obj) : warning LNK4099: PDB 'freetype.pdb' was not found with 'freetype.lib(ftbase.obj)' or at 'D:\Game-Project\PROJECT\Release\freetype.pdb'; linking object as if no debug info
freetype.lib(ftbitmap.obj) : warning LNK4099: PDB 'freetype.pdb' was not found with 'freetype.lib(ftbitmap.obj)' or at 'D:\Game-Project\PROJECT\Release\freetype.pdb'; linking object as if no debug info
freetype.lib(ftinit.obj) : warning LNK4099: PDB 'freetype.pdb' was not found with 'freetype.lib(ftinit.obj)' or at 'D:\Game-Project\PROJECT\Release\freetype.pdb'; linking object as if no debug info
freetype.lib(ftsystem.obj) : warning LNK4099: PDB 'freetype.pdb' was not found with 'freetype.lib(ftsystem.obj)' or at 'D:\Game-Project\PROJECT\Release\freetype.pdb'; linking object as if no debug info
freetype.lib(bdf.obj) : warning LNK4099: PDB 'freetype.pdb' was not found with 'freetype.lib(bdf.obj)' or at 'D:\Game-Project\PROJECT\Release\freetype.pdb'; linking object as if no debug info
freetype.lib(cff.obj) : warning LNK4099: PDB 'freetype.pdb' was not found with 'freetype.lib(cff.obj)' or at 'D:\Game-Project\PROJECT\Release\freetype.pdb'; linking object as if no debug info
freetype.lib(type1cid.obj) : warning LNK4099: PDB 'freetype.pdb' was not found with 'freetype.lib(type1cid.obj)' or at 'D:\Game-Project\PROJECT\Release\freetype.pdb'; linking object as if no debug info
freetype.lib(ftgzip.obj) : warning LNK4099: PDB 'freetype.pdb' was not found with 'freetype.lib(ftgzip.obj)' or at 'D:\Game-Project\PROJECT\Release\freetype.pdb'; linking object as if no debug info
freetype.lib(ftlzw.obj) : warning LNK4099: PDB 'freetype.pdb' was not found with 'freetype.lib(ftlzw.obj)' or at 'D:\Game-Project\PROJECT\Release\freetype.pdb'; linking object as if no debug info
freetype.lib(pcf.obj) : warning LNK4099: PDB 'freetype.pdb' was not found with 'freetype.lib(pcf.obj)' or at 'D:\Game-Project\PROJECT\Release\freetype.pdb'; linking object as if no debug info
freetype.lib(pfr.obj) : warning LNK4099: PDB 'freetype.pdb' was not found with 'freetype.lib(pfr.obj)' or at 'D:\Game-Project\PROJECT\Release\freetype.pdb'; linking object as if no debug info
freetype.lib(psaux.obj) : warning LNK4099: PDB 'freetype.pdb' was not found with 'freetype.lib(psaux.obj)' or at 'D:\Game-Project\PROJECT\Release\freetype.pdb'; linking object as if no debug info
freetype.lib(pshinter.obj) : warning LNK4099: PDB 'freetype.pdb' was not found with 'freetype.lib(pshinter.obj)' or at 'D:\Game-Project\PROJECT\Release\freetype.pdb'; linking object as if no debug info
freetype.lib(psmodule.obj) : warning LNK4099: PDB 'freetype.pdb' was not found with 'freetype.lib(psmodule.obj)' or at 'D:\Game-Project\PROJECT\Release\freetype.pdb'; linking object as if no debug info
freetype.lib(raster.obj) : warning LNK4099: PDB 'freetype.pdb' was not found with 'freetype.lib(raster.obj)' or at 'D:\Game-Project\PROJECT\Release\freetype.pdb'; linking object as if no debug info
freetype.lib(sfnt.obj) : warning LNK4099: PDB 'freetype.pdb' was not found with 'freetype.lib(sfnt.obj)' or at 'D:\Game-Project\PROJECT\Release\freetype.pdb'; linking object as if no debug info
freetype.lib(smooth.obj) : warning LNK4099: PDB 'freetype.pdb' was not found with 'freetype.lib(smooth.obj)' or at 'D:\Game-Project\PROJECT\Release\freetype.pdb'; linking object as if no debug info
freetype.lib(truetype.obj) : warning LNK4099: PDB 'freetype.pdb' was not found with 'freetype.lib(truetype.obj)' or at 'D:\Game-Project\PROJECT\Release\freetype.pdb'; linking object as if no debug info
freetype.lib(type1.obj) : warning LNK4099: PDB 'freetype.pdb' was not found with 'freetype.lib(type1.obj)' or at 'D:\Game-Project\PROJECT\Release\freetype.pdb'; linking object as if no debug info
freetype.lib(type42.obj) : warning LNK4099: PDB 'freetype.pdb' was not found with 'freetype.lib(type42.obj)' or at 'D:\Game-Project\PROJECT\Release\freetype.pdb'; linking object as if no debug info
freetype.lib(winfnt.obj) : warning LNK4099: PDB 'freetype.pdb' was not found with 'freetype.lib(winfnt.obj)' or at 'D:\Game-Project\PROJECT\Release\freetype.pdb'; linking object as if no debug info
freetype.lib(ftdebug.obj) : warning LNK4099: PDB 'freetype.pdb' was not found with 'freetype.lib(ftdebug.obj)' or at 'D:\Game-Project\PROJECT\Release\freetype.pdb'; linking object as if no debug info
Box2D.lib(b2ChainShape.obj) : warning LNK4099: PDB 'Box2D.pdb' was not found with 'Box2D.lib(b2ChainShape.obj)' or at 'D:\Game-Project\PROJECT\Release\Box2D.pdb'; linking object as if no debug info
Box2D.lib(b2CircleShape.obj) : warning LNK4099: PDB 'Box2D.pdb' was not found with 'Box2D.lib(b2CircleShape.obj)' or at 'D:\Game-Project\PROJECT\Release\Box2D.pdb'; linking object as if no debug info
Box2D.lib(b2EdgeShape.obj) : warning LNK4099: PDB 'Box2D.pdb' was not found with 'Box2D.lib(b2EdgeShape.obj)' or at 'D:\Game-Project\PROJECT\Release\Box2D.pdb'; linking object as if no debug info
Box2D.lib(b2PolygonShape.obj) : warning LNK4099: PDB 'Box2D.pdb' was not found with 'Box2D.lib(b2PolygonShape.obj)' or at 'D:\Game-Project\PROJECT\Release\Box2D.pdb'; linking object as if no debug info
Box2D.lib(b2BroadPhase.obj) : warning LNK4099: PDB 'Box2D.pdb' was not found with 'Box2D.lib(b2BroadPhase.obj)' or at 'D:\Game-Project\PROJECT\Release\Box2D.pdb'; linking object as if no debug info
Box2D.lib(b2CollideCircle.obj) : warning LNK4099: PDB 'Box2D.pdb' was not found with 'Box2D.lib(b2CollideCircle.obj)' or at 'D:\Game-Project\PROJECT\Release\Box2D.pdb'; linking object as if no debug info
Box2D.lib(b2CollideEdge.obj) : warning LNK4099: PDB 'Box2D.pdb' was not found with 'Box2D.lib(b2CollideEdge.obj)' or at 'D:\Game-Project\PROJECT\Release\Box2D.pdb'; linking object as if no debug info
Box2D.lib(b2CollidePolygon.obj) : warning LNK4099: PDB 'Box2D.pdb' was not found with 'Box2D.lib(b2CollidePolygon.obj)' or at 'D:\Game-Project\PROJECT\Release\Box2D.pdb'; linking object as if no debug info
Box2D.lib(b2Collision.obj) : warning LNK4099: PDB 'Box2D.pdb' was not found with 'Box2D.lib(b2Collision.obj)' or at 'D:\Game-Project\PROJECT\Release\Box2D.pdb'; linking object as if no debug info
Box2D.lib(b2Distance.obj) : warning LNK4099: PDB 'Box2D.pdb' was not found with 'Box2D.lib(b2Distance.obj)' or at 'D:\Game-Project\PROJECT\Release\Box2D.pdb'; linking object as if no debug info
Box2D.lib(b2DynamicTree.obj) : warning LNK4099: PDB 'Box2D.pdb' was not found with 'Box2D.lib(b2DynamicTree.obj)' or at 'D:\Game-Project\PROJECT\Release\Box2D.pdb'; linking object as if no debug info
Box2D.lib(b2TimeOfImpact.obj) : warning LNK4099: PDB 'Box2D.pdb' was not found with 'Box2D.lib(b2TimeOfImpact.obj)' or at 'D:\Game-Project\PROJECT\Release\Box2D.pdb'; linking object as if no debug info
Box2D.lib(b2BlockAllocator.obj) : warning LNK4099: PDB 'Box2D.pdb' was not found with 'Box2D.lib(b2BlockAllocator.obj)' or at 'D:\Game-Project\PROJECT\Release\Box2D.pdb'; linking object as if no debug info
Box2D.lib(b2Draw.obj) : warning LNK4099: PDB 'Box2D.pdb' was not found with 'Box2D.lib(b2Draw.obj)' or at 'D:\Game-Project\PROJECT\Release\Box2D.pdb'; linking object as if no debug info
Box2D.lib(b2Math.obj) : warning LNK4099: PDB 'Box2D.pdb' was not found with 'Box2D.lib(b2Math.obj)' or at 'D:\Game-Project\PROJECT\Release\Box2D.pdb'; linking object as if no debug info
Box2D.lib(b2Settings.obj) : warning LNK4099: PDB 'Box2D.pdb' was not found with 'Box2D.lib(b2Settings.obj)' or at 'D:\Game-Project\PROJECT\Release\Box2D.pdb'; linking object as if no debug info
Box2D.lib(b2StackAllocator.obj) : warning LNK4099: PDB 'Box2D.pdb' was not found with 'Box2D.lib(b2StackAllocator.obj)' or at 'D:\Game-Project\PROJECT\Release\Box2D.pdb'; linking object as if no debug info
Box2D.lib(b2Timer.obj) : warning LNK4099: PDB 'Box2D.pdb' was not found with 'Box2D.lib(b2Timer.obj)' or at 'D:\Game-Project\PROJECT\Release\Box2D.pdb'; linking object as if no debug info
Box2D.lib(b2ChainAndCircleContact.obj) : warning LNK4099: PDB 'Box2D.pdb' was not found with 'Box2D.lib(b2ChainAndCircleContact.obj)' or at 'D:\Game-Project\PROJECT\Release\Box2D.pdb'; linking object as if no debug info
Box2D.lib(b2ChainAndPolygonContact.obj) : warning LNK4099: PDB 'Box2D.pdb' was not found with 'Box2D.lib(b2ChainAndPolygonContact.obj)' or at 'D:\Game-Project\PROJECT\Release\Box2D.pdb'; linking object as if no debug info
Box2D.lib(b2CircleContact.obj) : warning LNK4099: PDB 'Box2D.pdb' was not found with 'Box2D.lib(b2CircleContact.obj)' or at 'D:\Game-Project\PROJECT\Release\Box2D.pdb'; linking object as if no debug info
Box2D.lib(b2Contact.obj) : warning LNK4099: PDB 'Box2D.pdb' was not found with 'Box2D.lib(b2Contact.obj)' or at 'D:\Game-Project\PROJECT\Release\Box2D.pdb'; linking object as if no debug info
Box2D.lib(b2ContactSolver.obj) : warning LNK4099: PDB 'Box2D.pdb' was not found with 'Box2D.lib(b2ContactSolver.obj)' or at 'D:\Game-Project\PROJECT\Release\Box2D.pdb'; linking object as if no debug info
Box2D.lib(b2EdgeAndCircleContact.obj) : warning LNK4099: PDB 'Box2D.pdb' was not found with 'Box2D.lib(b2EdgeAndCircleContact.obj)' or at 'D:\Game-Project\PROJECT\Release\Box2D.pdb'; linking object as if no debug info
Box2D.lib(b2EdgeAndPolygonContact.obj) : warning LNK4099: PDB 'Box2D.pdb' was not found with 'Box2D.lib(b2EdgeAndPolygonContact.obj)' or at 'D:\Game-Project\PROJECT\Release\Box2D.pdb'; linking object as if no debug info
Box2D.lib(b2PolygonAndCircleContact.obj) : warning LNK4099: PDB 'Box2D.pdb' was not found with 'Box2D.lib(b2PolygonAndCircleContact.obj)' or at 'D:\Game-Project\PROJECT\Release\Box2D.pdb'; linking object as if no debug info
Box2D.lib(b2PolygonContact.obj) : warning LNK4099: PDB 'Box2D.pdb' was not found with 'Box2D.lib(b2PolygonContact.obj)' or at 'D:\Game-Project\PROJECT\Release\Box2D.pdb'; linking object as if no debug info
Box2D.lib(b2DistanceJoint.obj) : warning LNK4099: PDB 'Box2D.pdb' was not found with 'Box2D.lib(b2DistanceJoint.obj)' or at 'D:\Game-Project\PROJECT\Release\Box2D.pdb'; linking object as if no debug info
Box2D.lib(b2FrictionJoint.obj) : warning LNK4099: PDB 'Box2D.pdb' was not found with 'Box2D.lib(b2FrictionJoint.obj)' or at 'D:\Game-Project\PROJECT\Release\Box2D.pdb'; linking object as if no debug info
Box2D.lib(b2GearJoint.obj) : warning LNK4099: PDB 'Box2D.pdb' was not found with 'Box2D.lib(b2GearJoint.obj)' or at 'D:\Game-Project\PROJECT\Release\Box2D.pdb'; linking object as if no debug info
Box2D.lib(b2Joint.obj) : warning LNK4099: PDB 'Box2D.pdb' was not found with 'Box2D.lib(b2Joint.obj)' or at 'D:\Game-Project\PROJECT\Release\Box2D.pdb'; linking object as if no debug info
Box2D.lib(b2MotorJoint.obj) : warning LNK4099: PDB 'Box2D.pdb' was not found with 'Box2D.lib(b2MotorJoint.obj)' or at 'D:\Game-Project\PROJECT\Release\Box2D.pdb'; linking object as if no debug info
Box2D.lib(b2MouseJoint.obj) : warning LNK4099: PDB 'Box2D.pdb' was not found with 'Box2D.lib(b2MouseJoint.obj)' or at 'D:\Game-Project\PROJECT\Release\Box2D.pdb'; linking object as if no debug info
Box2D.lib(b2PrismaticJoint.obj) : warning LNK4099: PDB 'Box2D.pdb' was not found with 'Box2D.lib(b2PrismaticJoint.obj)' or at 'D:\Game-Project\PROJECT\Release\Box2D.pdb'; linking object as if no debug info
Box2D.lib(b2PulleyJoint.obj) : warning LNK4099: PDB 'Box2D.pdb' was not found with 'Box2D.lib(b2PulleyJoint.obj)' or at 'D:\Game-Project\PROJECT\Release\Box2D.pdb'; linking object as if no debug info
Box2D.lib(b2RevoluteJoint.obj) : warning LNK4099: PDB 'Box2D.pdb' was not found with 'Box2D.lib(b2RevoluteJoint.obj)' or at 'D:\Game-Project\PROJECT\Release\Box2D.pdb'; linking object as if no debug info
Box2D.lib(b2RopeJoint.obj) : warning LNK4099: PDB 'Box2D.pdb' was not found with 'Box2D.lib(b2RopeJoint.obj)' or at 'D:\Game-Project\PROJECT\Release\Box2D.pdb'; linking object as if no debug info
Box2D.lib(b2WeldJoint.obj) : warning LNK4099: PDB 'Box2D.pdb' was not found with 'Box2D.lib(b2WeldJoint.obj)' or at 'D:\Game-Project\PROJECT\Release\Box2D.pdb'; linking object as if no debug info
Box2D.lib(b2WheelJoint.obj) : warning LNK4099: PDB 'Box2D.pdb' was not found with 'Box2D.lib(b2WheelJoint.obj)' or at 'D:\Game-Project\PROJECT\Release\Box2D.pdb'; linking object as if no debug info
Box2D.lib(b2Body.obj) : warning LNK4099: PDB 'Box2D.pdb' was not found with 'Box2D.lib(b2Body.obj)' or at 'D:\Game-Project\PROJECT\Release\Box2D.pdb'; linking object as if no debug info
Box2D.lib(b2ContactManager.obj) : warning LNK4099: PDB 'Box2D.pdb' was not found with 'Box2D.lib(b2ContactManager.obj)' or at 'D:\Game-Project\PROJECT\Release\Box2D.pdb'; linking object as if no debug info
Box2D.lib(b2Fixture.obj) : warning LNK4099: PDB 'Box2D.pdb' was not found with 'Box2D.lib(b2Fixture.obj)' or at 'D:\Game-Project\PROJECT\Release\Box2D.pdb'; linking object as if no debug info
Box2D.lib(b2Island.obj) : warning LNK4099: PDB 'Box2D.pdb' was not found with 'Box2D.lib(b2Island.obj)' or at 'D:\Game-Project\PROJECT\Release\Box2D.pdb'; linking object as if no debug info
Box2D.lib(b2World.obj) : warning LNK4099: PDB 'Box2D.pdb' was not found with 'Box2D.lib(b2World.obj)' or at 'D:\Game-Project\PROJECT\Release\Box2D.pdb'; linking object as if no debug info
Box2D.lib(b2WorldCallbacks.obj) : warning LNK4099: PDB 'Box2D.pdb' was not found with 'Box2D.lib(b2WorldCallbacks.obj)' or at 'D:\Game-Project\PROJECT\Release\Box2D.pdb'; linking object as if no debug info
  TrainingFramework.vcxproj -> D:\Game-Project\PROJECT\Release\Core.exe
  TrainingFramework.vcxproj -> D:\Game-Project\PROJECT\Release\Core.pdb (Full PDB)
